1653000094526	geckodriver	INFO	Listening on 127.0.0.1:52668
1653000098289	mozrunner::runner	INFO	Running command: "C:\\Program Files\\Mozilla Firefox\\firefox.exe" "--marionette" "--remote-debugging-port" "52669" "--remote-allow-hosts" "localhost" "-no-remote" "-profile" "C:\\Users\\SAMUEL~1\\AppData\\Local\\Temp\\rust_mozprofileJEYybz"
1653000104749	Marionette	INFO	Marionette enabled
console.error: Region.jsm: "Error fetching region" (new Error("TIMEOUT", "resource://gre/modules/Region.jsm", 772))
console.error: Region.jsm: "Failed to fetch region" (new Error("TIMEOUT", "resource://gre/modules/Region.jsm", 419))
console.warn: SearchSettings: "get: No settings file exists, new profile?" (new NotFoundError("Could not open the file at C:\\Users\\SAMUEL~1\\AppData\\Local\\Temp\\rust_mozprofileJEYybz\\search.json.mozlz4", (void 0)))
DevTools listening on ws://localhost:52669/devtools/browser/2e81982d-4d34-4065-bb5f-93b298febbc5
1653000139284	Marionette	INFO	Listening on port 52710
Read port: 52710
1653000140013	RemoteAgent	WARN	TLS certificate errors will be ignored for this session
1653000161940	Marionette	INFO	Stopped listening on port 52710
JavaScript error: resource://gre/modules/UrlClassifierListManager.jsm, line 691: TypeError: this.tablesData[table] is undefined

###!!! [Parent][PBackgroundParent] Error: Send(msgname=PBackgroundLSSnapshot::Msg___delete__) Channel error: cannot send/recv


###!!! [Parent][PBackgroundParent] Error: RunMessage(msgname=PBackgroundLSDatabase::Msg_AllowToClose) Channel error: cannot send/recv


###!!! [Parent][PBackgroundParent] Error: Send(msgname=PBackgroundLSDatabase::Msg_RequestAllowToClose) Channel error: cannot send/recv


###!!! [Parent][PBackgroundParent] Error: RunMessage(msgname=PBackgroundLSDatabase::Msg_DeleteMe) Channel error: cannot send/recv

[Parent 9284, IPC I/O Parent] WARNING: file /builds/worker/checkouts/gecko/ipc/chromium/src/base/process_util_win.cc:167
*** UTM:SVC TimerManager:registerTimer called after profile-before-change notification. Ignoring timer registration for id: telemetry_modules_ping
*** UTM:SVC TimerManager:registerTimer called after profile-before-change notification. Ignoring timer registration for id: telemetry_untrustedmodules_ping
1653000481467	geckodriver	INFO	Listening on 127.0.0.1:52799
1653000484488	mozrunner::runner	INFO	Running command: "C:\\Program Files\\Mozilla Firefox\\firefox.exe" "--marionette" "--remote-debugging-port" "52800" "--remote-allow-hosts" "localhost" "-no-remote" "-profile" "C:\\Users\\SAMUEL~1\\AppData\\Local\\Temp\\rust_mozprofilehZJivm"
1653000486996	Marionette	INFO	Marionette enabled
console.warn: SearchSettings: "get: No settings file exists, new profile?" (new NotFoundError("Could not open the file at C:\\Users\\SAMUEL~1\\AppData\\Local\\Temp\\rust_mozprofilehZJivm\\search.json.mozlz4", (void 0)))
DevTools listening on ws://localhost:52800/devtools/browser/0959a1d1-3823-45b0-b600-66623aa5a2cd
1653000494955	Marionette	INFO	Listening on port 52826
Read port: 52826
1653000495079	RemoteAgent	WARN	TLS certificate errors will be ignored for this session
1653001253462	Marionette	INFO	Stopped listening on port 52826
console.warn: TopSitesFeed: Failed to fetch data from Contile server: NetworkError when attempting to fetch resource.
